<?xml version="1.0" encoding="UTF-8"?>
<!-- Generated by org.testng.reporters.JUnitReportReporter -->
<testsuite hostname="apples-MacBook-Pro.local" failures="0" tests="4" name="tests.ProductDetail" time="3.896" errors="0" timestamp="2026-02-08T15:11:15 IST" skipped="0">
  <testcase classname="tests.ProductDetail" name="userLogin" time="1.626"/>
  <testcase classname="tests.ProductDetail" name="addingProductToCartFromDetailsPage" time="0.242"/>
  <testcase classname="tests.ProductDetail" name="checkOutFlow" time="0.675"/>
  <testcase classname="tests.ProductDetail" name="verifyingCartValue" time="1.353"/>
</testsuite> <!-- tests.ProductDetail -->
