<?xml version="1.0" encoding="UTF-8"?>
<testng-results ignored="0" total="2" passed="2" failed="0" skipped="0">
  <reporter-output>
  </reporter-output>
  <suite started-at="2026-02-08T23:21:40 IST" name="Default suite" finished-at="2026-02-08T23:21:49 IST" duration-ms="9485">
    <groups>
    </groups>
    <test started-at="2026-02-08T23:21:40 IST" name="Default test" finished-at="2026-02-08T23:21:49 IST" duration-ms="9485">
      <class name="tests.InvalidLogin">
        <test-method is-config="true" signature="setUp()[pri:0, instance:tests.InvalidLogin@222545dc]" started-at="2026-02-08T23:21:40 IST" name="setUp" finished-at="2026-02-08T23:21:48 IST" duration-ms="8614" status="PASS">
          <reporter-output>
          </reporter-output>
        </test-method> <!-- setUp -->
        <test-method signature="emptyLoginTest()[pri:0, instance:tests.InvalidLogin@222545dc]" started-at="2026-02-08T23:21:48 IST" name="emptyLoginTest" finished-at="2026-02-08T23:21:49 IST" duration-ms="219" status="PASS">
          <reporter-output>
          </reporter-output>
        </test-method> <!-- emptyLoginTest -->
        <test-method signature="invalidCredLogin()[pri:0, instance:tests.InvalidLogin@222545dc]" started-at="2026-02-08T23:21:49 IST" name="invalidCredLogin" finished-at="2026-02-08T23:21:49 IST" duration-ms="367" status="PASS">
          <reporter-output>
          </reporter-output>
        </test-method> <!-- invalidCredLogin -->
        <test-method is-config="true" signature="tearDown()[pri:0, instance:tests.InvalidLogin@222545dc]" started-at="2026-02-08T23:21:49 IST" name="tearDown" finished-at="2026-02-08T23:21:49 IST" duration-ms="221" status="PASS">
          <reporter-output>
          </reporter-output>
        </test-method> <!-- tearDown -->
      </class> <!-- tests.InvalidLogin -->
    </test> <!-- Default test -->
  </suite> <!-- Default suite -->
</testng-results>
