<?xml version="1.0" encoding="UTF-8"?>
<!-- Generated by org.testng.reporters.JUnitXMLReporter -->
<testsuite ignored="0" hostname="apples-MacBook-Pro.local" failures="0" tests="4" name="Default test" time="6.459" errors="0" timestamp="2026-02-08T15:11:28 IST">
  <testcase classname="tests.SmokeSauceDemo" name="userLogin" time="1.617"/>
  <testcase classname="tests.SmokeSauceDemo" name="addingProductFromGridView" time="0.309"/>
  <testcase classname="tests.SmokeSauceDemo" name="removingProductFromCart" time="0.101"/>
  <testcase classname="tests.SmokeSauceDemo" name="cartCheckout" time="1.365"/>
</testsuite> <!-- Default test -->
