<?xml version="1.0" encoding="UTF-8"?>
<!-- Generated by org.testng.reporters.JUnitReportReporter -->
<testsuite hostname="apples-MacBook-Pro.local" failures="0" tests="4" name="tests.SmokeSauceDemo" time="3.392" errors="0" timestamp="2026-02-08T15:11:29 IST" skipped="0">
  <testcase classname="tests.SmokeSauceDemo" name="userLogin" time="1.617"/>
  <testcase classname="tests.SmokeSauceDemo" name="addingProductFromGridView" time="0.309"/>
  <testcase classname="tests.SmokeSauceDemo" name="removingProductFromCart" time="0.101"/>
  <testcase classname="tests.SmokeSauceDemo" name="cartCheckout" time="1.365"/>
</testsuite> <!-- tests.SmokeSauceDemo -->
